<?xml version='1.0' encoding='utf-8'?>
<testsuites name="pytest tests"><testsuite name="pytest" errors="0" failures="0" skipped="0" tests="69" time="3.609"><testcase classname="tests.test_yoloe_p1_text_router" name="test_disabled_adapter_is_equivalent_and_does_not_change_module_list" time="0.111" /><testcase classname="tests.test_yoloe_p1_text_router" name="test_released_load_then_enable_keeps_unfused_core_keys_additive" time="0.103" /><testcase classname="tests.test_yoloe_p1_text_router" name="test_yoloe_adapter_reachability_gradients_aux_and_condition_separation" time="1.920" /><testcase classname="tests.test_yoloe_p1_text_router" name="test_yoloe_eval_adapter_publication_is_skipped" time="0.052" /><testcase classname="tests.test_yoloe_p1_text_router" name="test_yoloe_task_and_aux_gradient_paths_are_separate" time="0.065" /><testcase classname="tests.test_yoloe_p1_text_router" name="test_yoloe_controlled_condition_pair_changes_router_and_adapter_not_classifier_prompt" time="0.094" /><testcase classname="tests.test_yoloe_p1_text_router" name="test_text_router_failed_expert_forward_is_not_counted" time="0.000" /><testcase classname="tests.test_yoloe_p1_text_router" name="test_yoloe_loss_exception_clears_published_aux_record" time="0.053" /><testcase classname="tests.test_yoloe_p1_text_router" name="test_text_router_duplicate_publication_keeps_first_graph_and_no_second_weight" time="0.001" /><testcase classname="tests.test_yoloe_p1_text_router" name="test_text_router_hard_attempt_receipt_counts_are_measured_and_eval_is_empty" time="0.006" /><testcase classname="tests.test_routing_aux_contract" name="test_training_publication_is_graph_connected_and_consumed_once" time="0.009" /><testcase classname="tests.test_routing_aux_contract" name="test_eval_publication_is_detached_and_not_collected" time="0.002" /><testcase classname="tests.test_routing_aux_contract" name="test_wrapper_record_covers_children_without_double_counting" time="0.003" /><testcase classname="tests.test_routing_aux_contract" name="test_stale_step_is_rejected" time="0.001" /><testcase classname="tests.test_routing_aux_contract" name="test_molora_without_legacy_registry_is_canonical" time="0.001" /><testcase classname="tests.test_routing_aux_contract" name="test_molora_is_included_once_by_mixture_collector" time="0.001" /><testcase classname="tests.test_routing_aux_contract" name="test_canonical_state_does_not_break_deepcopy" time="0.006" /><testcase classname="tests.test_routing_aux_contract" name="test_legacy_registry_is_not_an_internal_loss_source" time="0.000" /><testcase classname="tests.test_routing_aux_contract" name="test_registry_adapter_still_dual_publishes_for_legacy_readers" time="0.000" /><testcase classname="tests.test_moe_router_boundaries.TestValidateRouterInput" name="test_valid_4d_input_passes" time="0.001" /><testcase classname="tests.test_moe_router_boundaries.TestValidateRouterInput" name="test_3d_input_raises" time="0.000" /><testcase classname="tests.test_moe_router_boundaries.TestValidateRouterInput" name="test_5d_input_raises" time="0.000" /><testcase classname="tests.test_moe_router_boundaries.TestValidateRouterInput" name="test_channel_mismatch_raises_shape_error" time="0.000" /><testcase classname="tests.test_moe_router_boundaries.TestValidateRouterInput" name="test_nan_input_raises" time="0.000" /><testcase classname="tests.test_moe_router_boundaries.TestValidateRouterInput" name="test_inf_input_raises" time="0.000" /><testcase classname="tests.test_moe_router_boundaries.TestValidateRouterInput" name="test_nonfinite_debug_path_never_performs_network_post" time="0.000" /><testcase classname="tests.test_moe_router_boundaries.TestUltraEfficientRouterBoundaries" name="test_valid_forward" time="0.002" /><testcase classname="tests.test_moe_router_boundaries.TestUltraEfficientRouterBoundaries" name="test_3d_input_raises" time="0.000" /><testcase classname="tests.test_moe_router_boundaries.TestUltraEfficientRouterBoundaries" name="test_channel_mismatch_raises" time="0.000" /><testcase classname="tests.test_moe_router_boundaries.TestUltraEfficientRouterBoundaries" name="test_nan_input_raises" time="0.000" /><testcase classname="tests.test_moe_router_boundaries.TestUltraEfficientRouterBoundaries" name="test_top_k_exceeds_num_experts_clamped" time="0.001" /><testcase classname="tests.test_moe_router_boundaries.TestUltraEfficientRouterBoundaries" name="test_top_k_zero_clamped_to_one" time="0.001" /><testcase classname="tests.test_moe_router_boundaries.TestEfficientSpatialRouterBoundaries" name="test_valid_forward" time="0.001" /><testcase classname="tests.test_moe_router_boundaries.TestEfficientSpatialRouterBoundaries" name="test_3d_input_raises" time="0.000" /><testcase classname="tests.test_moe_router_boundaries.TestEfficientSpatialRouterBoundaries" name="test_channel_mismatch_raises" time="0.001" /><testcase classname="tests.test_moe_router_boundaries.TestEfficientSpatialRouterBoundaries" name="test_nonfinite_noise_std_raises[nan]" time="0.001" /><testcase classname="tests.test_moe_router_boundaries.TestEfficientSpatialRouterBoundaries" name="test_nonfinite_noise_std_raises[inf]" time="0.000" /><testcase classname="tests.test_moe_router_boundaries.TestEfficientSpatialRouterBoundaries" name="test_nonfinite_internal_router_output_raises" time="0.001" /><testcase classname="tests.test_moe_router_boundaries.TestAdaptiveRoutingLayerBoundaries" name="test_valid_forward" time="0.001" /><testcase classname="tests.test_moe_router_boundaries.TestAdaptiveRoutingLayerBoundaries" name="test_3d_input_raises" time="0.000" /><testcase classname="tests.test_moe_router_boundaries.TestLocalRoutingLayerBoundaries" name="test_valid_forward" time="0.001" /><testcase classname="tests.test_moe_router_boundaries.TestLocalRoutingLayerBoundaries" name="test_3d_input_raises" time="0.000" /><testcase classname="tests.test_moe_router_boundaries.TestDynamicRoutingLayerBoundaries" name="test_eval_hard_top_k_matches_training_mask_numerics" time="0.000" /><testcase classname="tests.test_moe_router_boundaries.TestDynamicRoutingLayerBoundaries" name="test_invalid_top_k_raises" time="0.000" /><testcase classname="tests.test_moe_router_boundaries.TestDynamicRoutingLayerBoundaries" name="test_legacy_checkpoint_without_in_channels_preserves_output" time="0.001" /><testcase classname="tests.test_moe_router_boundaries.TestDynamicRoutingLayerBoundaries" name="test_legacy_checkpoint_without_in_channels_still_checks_channels" time="0.000" /><testcase classname="tests.test_moe_router_boundaries" name="test_capacity_is_per_expert_and_handles_biased_routing" time="0.001" /><testcase classname="tests.test_moe_router_boundaries" name="test_capacity_indices_and_weights_drop_the_same_assignments" time="0.000" /><testcase classname="tests.test_moe_router_boundaries" name="test_capacity_overflow_is_deterministic_across_repeated_calls" time="0.000" /><testcase classname="tests.test_moe_router_boundaries" name="test_capacity_overflow_hard_forward_retains_router_gradient" time="0.001" /><testcase classname="tests.test_moe_router_boundaries" name="test_capacity_factor_must_be_positive_and_finite[0.0]" time="0.000" /><testcase classname="tests.test_moe_router_boundaries" name="test_capacity_factor_must_be_positive_and_finite[-1.0]" time="0.000" /><testcase classname="tests.test_moe_router_boundaries" name="test_capacity_factor_must_be_positive_and_finite[nan]" time="0.000" /><testcase classname="tests.test_moe_router_boundaries" name="test_capacity_factor_must_be_positive_and_finite[inf]" time="0.000" /><testcase classname="tests.test_moe_router_boundaries.TestExceptionHierarchy" name="test_moerouter_error_inherits_yolomaster" time="0.000" /><testcase classname="tests.test_moe_router_boundaries.TestExceptionHierarchy" name="test_shapemismatch_error_inherits_yolomaster" time="0.000" /><testcase classname="tests.test_moe_router_boundaries.TestExceptionHierarchy" name="test_catch_all_with_yolomaster_error" time="0.000" /><testcase classname="tests.test_moe_router_boundaries.TestABlockMoEDiagnostics" name="test_diagnostics_fail_at_first_nonfinite_boundary" time="0.000" /><testcase classname="tests.test_moe_router_boundaries.TestABlockMoEDiagnostics" name="test_diagnostics_are_disabled_by_default" time="0.000" /><testcase classname="tests.test_moe_router_boundaries.TestEfficientSpatialRouterPrecision" name="test_half_spatial_reduction_and_weights_stay_fp32" time="0.003" /><testcase classname="tests.test_moe_router_boundaries.TestEfficientSpatialRouterPrecision" name="test_process_logits_normalizes_extreme_half_logits_in_fp32" time="0.000" /><testcase classname="tests.test_master_model_configs" name="test_master_config_builds_and_forwards[ultralytics/cfg/models/26/yolo26-master-n.yaml]" time="0.108" /><testcase classname="tests.test_master_model_configs" name="test_master_config_builds_and_forwards[ultralytics/cfg/models/26/yolo26.yaml]" time="0.037" /><testcase classname="tests.test_master_model_configs" name="test_master_config_builds_and_forwards[ultralytics/cfg/models/master/v0_15/det/yolo-master-tiny.yaml]" time="0.036" /><testcase classname="tests.test_master_model_configs" name="test_master_config_builds_and_forwards[ultralytics/cfg/models/master/v0_10/det/yolo-master-moa-n.yaml]" time="0.092" /><testcase classname="tests.test_master_model_configs" name="test_master_config_builds_and_forwards[ultralytics/cfg/models/master/v0_10/det/yolo-master-mot-n.yaml]" time="0.115" /><testcase classname="tests.test_master_model_configs" name="test_master_config_builds_and_forwards[ultralytics/cfg/models/master/v0_8/det/yolo-master-moe-mot-shared-n.yaml]" time="0.071" /><testcase classname="tests.test_master_model_configs" name="test_yolo26_master_uses_current_sppf_signature" time="0.000" /><testcase classname="tests.test_master_model_configs" name="test_shared_expert_config_reuses_pool_and_isolates_model_builds" time="0.170" /></testsuite></testsuites>